0 info it worked if it ends with ok
1 verbose cli [ '/usr/local/bin/node',
1 verbose cli   '/usr/local/bin/npm',
1 verbose cli   'install',
1 verbose cli   '-g',
1 verbose cli   'generator-chrome-extension' ]
2 info using npm@2.14.7
3 info using node@v4.2.3
4 verbose install initial load of /usr/local/lib/package.json
5 verbose readDependencies loading dependencies from /usr/local/lib/package.json
6 silly cache add args [ 'generator-chrome-extension', null ]
7 verbose cache add spec generator-chrome-extension
8 silly cache add parsed spec Result {
8 silly cache add   raw: 'generator-chrome-extension',
8 silly cache add   scope: null,
8 silly cache add   name: 'generator-chrome-extension',
8 silly cache add   rawSpec: '',
8 silly cache add   spec: '*',
8 silly cache add   type: 'range' }
9 silly addNamed generator-chrome-extension@*
10 verbose addNamed "*" is a valid semver range for generator-chrome-extension
11 silly addNameRange { name: 'generator-chrome-extension',
11 silly addNameRange   range: '*',
11 silly addNameRange   hasData: false }
12 silly mapToRegistry name generator-chrome-extension
13 silly mapToRegistry using default registry
14 silly mapToRegistry registry https://registry.npmjs.org/
15 silly mapToRegistry uri https://registry.npmjs.org/generator-chrome-extension
16 verbose addNameRange registry:https://registry.npmjs.org/generator-chrome-extension not in flight; fetching
17 verbose request uri https://registry.npmjs.org/generator-chrome-extension
18 verbose request no auth needed
19 info attempt registry request try #1 at 5:14:13 AM
20 verbose request id 710f7c7dbd472fba
21 http request GET https://registry.npmjs.org/generator-chrome-extension
22 http 200 https://registry.npmjs.org/generator-chrome-extension
23 verbose headers { server: 'CouchDB/1.5.0 (Erlang OTP/R16B03)',
23 verbose headers   etag: '"CGVRGN62SADMLC5KD20WOCV54"',
23 verbose headers   'content-type': 'application/json',
23 verbose headers   'cache-control': 'max-age=300',
23 verbose headers   'content-length': '42933',
23 verbose headers   'accept-ranges': 'bytes',
23 verbose headers   date: 'Sun, 17 Jan 2016 01:44:14 GMT',
23 verbose headers   via: '1.1 varnish',
23 verbose headers   age: '0',
23 verbose headers   connection: 'keep-alive',
23 verbose headers   'x-served-by': 'cache-ams4124-AMS',
23 verbose headers   'x-cache': 'MISS',
23 verbose headers   'x-cache-hits': '0',
23 verbose headers   'x-timer': 'S1452995054.239105,VS0,VE469',
23 verbose headers   vary: 'Accept' }
24 silly get cb [ 200,
24 silly get   { server: 'CouchDB/1.5.0 (Erlang OTP/R16B03)',
24 silly get     etag: '"CGVRGN62SADMLC5KD20WOCV54"',
24 silly get     'content-type': 'application/json',
24 silly get     'cache-control': 'max-age=300',
24 silly get     'content-length': '42933',
24 silly get     'accept-ranges': 'bytes',
24 silly get     date: 'Sun, 17 Jan 2016 01:44:14 GMT',
24 silly get     via: '1.1 varnish',
24 silly get     age: '0',
24 silly get     connection: 'keep-alive',
24 silly get     'x-served-by': 'cache-ams4124-AMS',
24 silly get     'x-cache': 'MISS',
24 silly get     'x-cache-hits': '0',
24 silly get     'x-timer': 'S1452995054.239105,VS0,VE469',
24 silly get     vary: 'Accept' } ]
25 verbose get saving generator-chrome-extension to /Users/sohail/.npm/registry.npmjs.org/generator-chrome-extension/.cache.json
26 silly addNameRange number 2 { name: 'generator-chrome-extension', range: '*', hasData: true }
27 silly addNameRange versions [ 'generator-chrome-extension',
27 silly addNameRange   [ '0.1.0',
27 silly addNameRange     '0.1.1',
27 silly addNameRange     '0.2.0',
27 silly addNameRange     '0.2.1',
27 silly addNameRange     '0.2.2',
27 silly addNameRange     '0.2.3',
27 silly addNameRange     '0.2.4',
27 silly addNameRange     '0.2.5',
27 silly addNameRange     '0.2.6',
27 silly addNameRange     '0.2.7',
27 silly addNameRange     '0.2.8',
27 silly addNameRange     '0.2.9',
27 silly addNameRange     '0.2.10',
27 silly addNameRange     '0.2.11',
27 silly addNameRange     '0.3.0',
27 silly addNameRange     '0.3.1',
27 silly addNameRange     '0.4.0',
27 silly addNameRange     '0.4.1',
27 silly addNameRange     '0.4.2',
27 silly addNameRange     '0.4.4',
27 silly addNameRange     '0.5.0',
27 silly addNameRange     '0.4.5',
27 silly addNameRange     '0.5.1' ] ]
28 silly addNamed generator-chrome-extension@0.5.1
29 verbose addNamed "0.5.1" is a plain semver version for generator-chrome-extension
30 silly mapToRegistry name generator-chrome-extension
31 silly mapToRegistry using default registry
32 silly mapToRegistry registry https://registry.npmjs.org/
33 silly mapToRegistry uri https://registry.npmjs.org/generator-chrome-extension
34 verbose addRemoteTarball https://registry.npmjs.org/generator-chrome-extension/-/generator-chrome-extension-0.5.1.tgz not in flight; adding
35 verbose addRemoteTarball [ 'https://registry.npmjs.org/generator-chrome-extension/-/generator-chrome-extension-0.5.1.tgz',
35 verbose addRemoteTarball   '54e1638fa4a7b57fbb8f28f71ab00adeaff37093' ]
36 info retry fetch attempt 1 at 5:14:15 AM
37 info attempt registry request try #1 at 5:14:15 AM
38 http fetch GET https://registry.npmjs.org/generator-chrome-extension/-/generator-chrome-extension-0.5.1.tgz
39 http fetch 200 https://registry.npmjs.org/generator-chrome-extension/-/generator-chrome-extension-0.5.1.tgz
40 silly fetchAndShaCheck shasum 54e1638fa4a7b57fbb8f28f71ab00adeaff37093
41 verbose addTmpTarball /var/folders/80/srmsc7ys0wv4gzcvv3b1l8r40000gn/T/npm-4862-e741cad4/registry.npmjs.org/generator-chrome-extension/-/generator-chrome-extension-0.5.1.tgz not in flight; adding
42 verbose addTmpTarball already have metadata; skipping unpack for generator-chrome-extension@0.5.1
43 silly cache afterAdd generator-chrome-extension@0.5.1
44 verbose afterAdd /Users/sohail/.npm/generator-chrome-extension/0.5.1/package/package.json not in flight; writing
45 verbose afterAdd /Users/sohail/.npm/generator-chrome-extension/0.5.1/package/package.json written
46 silly install resolved [ { name: 'generator-chrome-extension',
46 silly install resolved     version: '0.5.1',
46 silly install resolved     description: 'Scaffold out a Chrome extension',
46 silly install resolved     keywords: [ 'yeoman-generator', 'chrome', 'extension', 'addon' ],
46 silly install resolved     author: { name: 'Yeoman' },
46 silly install resolved     main: 'app/index.js',
46 silly install resolved     repository:
46 silly install resolved      { type: 'git',
46 silly install resolved        url: 'git+https://github.com/yeoman/generator-chrome-extension.git' },
46 silly install resolved     scripts: { test: 'mocha --reporter spec --timeout 3000' },
46 silly install resolved     dependencies:
46 silly install resolved      { 'chrome-manifest': '^0.2.7',
46 silly install resolved        'generator-jasmine': '^0.2.2',
46 silly install resolved        'generator-mocha': '^0.2.0',
46 silly install resolved        headerize: '^0.1.1',
46 silly install resolved        mkdirp: '^0.5.1',
46 silly install resolved        'underscore.string': '^3.2.1',
46 silly install resolved        'yeoman-generator': '^0.22.1' },
46 silly install resolved     devDependencies:
46 silly install resolved      { mocha: '*',
46 silly install resolved        'object-assign': '^4.0.1',
46 silly install resolved        'yeoman-assert': '^2.1.1',
46 silly install resolved        'yeoman-test': '^1.0.0' },
46 silly install resolved     engines: { node: '>=0.10.0' },
46 silly install resolved     license: 'BSD',
46 silly install resolved     files: [ 'app' ],
46 silly install resolved     gitHead: 'c1ce18d2a29561f2f95b10f94ab9d810b43ef33d',
46 silly install resolved     bugs: { url: 'https://github.com/yeoman/generator-chrome-extension/issues' },
46 silly install resolved     homepage: 'https://github.com/yeoman/generator-chrome-extension#readme',
46 silly install resolved     _id: 'generator-chrome-extension@0.5.1',
46 silly install resolved     _shasum: '54e1638fa4a7b57fbb8f28f71ab00adeaff37093',
46 silly install resolved     _from: 'generator-chrome-extension@*',
46 silly install resolved     _npmVersion: '2.14.4',
46 silly install resolved     _nodeVersion: '4.1.2',
46 silly install resolved     _npmUser: { name: 'ragingwind', email: 'ragingwind@gmail.com' },
46 silly install resolved     dist:
46 silly install resolved      { shasum: '54e1638fa4a7b57fbb8f28f71ab00adeaff37093',
46 silly install resolved        tarball: 'http://registry.npmjs.org/generator-chrome-extension/-/generator-chrome-extension-0.5.1.tgz' },
46 silly install resolved     maintainers:
46 silly install resolved      [ [Object],
46 silly install resolved        [Object],
46 silly install resolved        [Object],
46 silly install resolved        [Object],
46 silly install resolved        [Object],
46 silly install resolved        [Object],
46 silly install resolved        [Object],
46 silly install resolved        [Object],
46 silly install resolved        [Object] ],
46 silly install resolved     directories: {},
46 silly install resolved     _resolved: 'https://registry.npmjs.org/generator-chrome-extension/-/generator-chrome-extension-0.5.1.tgz' } ]
47 info install generator-chrome-extension@0.5.1 into /usr/local/lib
48 info installOne generator-chrome-extension@0.5.1
49 verbose installOne of generator-chrome-extension to /usr/local/lib not in flight; installing
50 verbose lock using /Users/sohail/.npm/_locks/generator-chrome-extensi-c182e046b1ca5ed1.lock for /usr/local/lib/node_modules/generator-chrome-extension
51 silly install write writing generator-chrome-extension 0.5.1 to /usr/local/lib/node_modules/generator-chrome-extension
52 verbose unbuild lib/node_modules/generator-chrome-extension
53 silly gentlyRm /usr/local/lib/node_modules/generator-chrome-extension is being purged from base /usr/local
54 verbose gentlyRm don't care about contents; nuking /usr/local/lib/node_modules/generator-chrome-extension
55 verbose tar unpack /Users/sohail/.npm/generator-chrome-extension/0.5.1/package.tgz
56 verbose tar unpacking to /usr/local/lib/node_modules/generator-chrome-extension
57 silly gentlyRm /usr/local/lib/node_modules/generator-chrome-extension is being purged
58 verbose gentlyRm don't care about contents; nuking /usr/local/lib/node_modules/generator-chrome-extension
59 silly gunzTarPerm modes [ '755', '644' ]
60 silly gunzTarPerm extractEntry package.json
61 silly gunzTarPerm extractEntry app/chrome-manifest.js
62 silly gunzTarPerm extractEntry app/index.js
63 silly gunzTarPerm extractEntry app/USAGE
64 silly gunzTarPerm extractEntry app/templates/gulpfile.babel.js
65 silly gunzTarPerm extractEntry app/templates/_bower.json
66 silly gunzTarPerm extractEntry app/templates/_package.json
67 silly gunzTarPerm extractEntry app/templates/babelrc
68 silly gunzTarPerm extractEntry app/templates/bowerrc
69 silly gunzTarPerm extractEntry app/templates/editorconfig
70 silly gunzTarPerm extractEntry app/templates/gitattributes
71 silly gunzTarPerm extractEntry app/templates/gitignore
72 silly gunzTarPerm extractEntry app/templates/_locales/en/messages.json
73 silly gunzTarPerm extractEntry app/templates/images/icon-128.png
74 silly gunzTarPerm extractEntry app/templates/images/icon-16.png
75 silly gunzTarPerm extractEntry app/templates/images/icon-19.png
76 silly gunzTarPerm extractEntry app/templates/images/icon-38.png
77 silly gunzTarPerm extractEntry app/templates/jshintrc
78 silly gunzTarPerm extractEntry app/templates/manifest.json
79 silly gunzTarPerm extractEntry app/templates/options.html
80 silly gunzTarPerm extractEntry app/templates/popup.html
81 silly gunzTarPerm extractEntry app/templates/scripts/background.browser_action.js
82 silly gunzTarPerm extractEntry app/templates/scripts/background.js
83 silly gunzTarPerm extractEntry app/templates/scripts/background.page_action.js
84 silly gunzTarPerm extractEntry app/templates/scripts/chromereload.js
85 silly gunzTarPerm extractEntry app/templates/scripts/contentscript.js
86 silly gunzTarPerm extractEntry app/templates/scripts/options.js
87 silly gunzTarPerm extractEntry app/templates/scripts/popup.js
88 silly gunzTarPerm extractEntry app/templates/styles/main.css
89 silly gunzTarPerm extractEntry app/templates/styles/main.scss
90 silly gunzTarPerm extractEntry readme.md
91 verbose write writing to /usr/local/lib/node_modules/generator-chrome-extension/package.json
92 info preinstall generator-chrome-extension@0.5.1
93 verbose readDependencies loading dependencies from /usr/local/lib/node_modules/generator-chrome-extension/package.json
94 silly prepareForInstallMany adding chrome-manifest@^0.2.7 from generator-chrome-extension dependencies
95 silly prepareForInstallMany adding generator-jasmine@^0.2.2 from generator-chrome-extension dependencies
96 silly prepareForInstallMany adding generator-mocha@^0.2.0 from generator-chrome-extension dependencies
97 silly prepareForInstallMany adding headerize@^0.1.1 from generator-chrome-extension dependencies
98 silly prepareForInstallMany adding mkdirp@^0.5.1 from generator-chrome-extension dependencies
99 silly prepareForInstallMany adding underscore.string@^3.2.1 from generator-chrome-extension dependencies
100 silly prepareForInstallMany adding yeoman-generator@^0.22.1 from generator-chrome-extension dependencies
101 verbose readDependencies loading dependencies from /usr/local/lib/node_modules/generator-chrome-extension/package.json
102 silly cache add args [ 'chrome-manifest@^0.2.7', null ]
103 verbose cache add spec chrome-manifest@^0.2.7
104 silly cache add args [ 'generator-jasmine@^0.2.2', null ]
105 verbose cache add spec generator-jasmine@^0.2.2
106 silly cache add parsed spec Result {
106 silly cache add   raw: 'chrome-manifest@^0.2.7',
106 silly cache add   scope: null,
106 silly cache add   name: 'chrome-manifest',
106 silly cache add   rawSpec: '^0.2.7',
106 silly cache add   spec: '>=0.2.7 <0.3.0',
106 silly cache add   type: 'range' }
107 silly addNamed chrome-manifest@>=0.2.7 <0.3.0
108 verbose addNamed ">=0.2.7 <0.3.0" is a valid semver range for chrome-manifest
109 silly addNameRange { name: 'chrome-manifest',
109 silly addNameRange   range: '>=0.2.7 <0.3.0',
109 silly addNameRange   hasData: false }
110 silly mapToRegistry name chrome-manifest
111 silly mapToRegistry using default registry
112 silly mapToRegistry registry https://registry.npmjs.org/
113 silly mapToRegistry uri https://registry.npmjs.org/chrome-manifest
114 verbose addNameRange registry:https://registry.npmjs.org/chrome-manifest not in flight; fetching
115 silly cache add parsed spec Result {
115 silly cache add   raw: 'generator-jasmine@^0.2.2',
115 silly cache add   scope: null,
115 silly cache add   name: 'generator-jasmine',
115 silly cache add   rawSpec: '^0.2.2',
115 silly cache add   spec: '>=0.2.2 <0.3.0',
115 silly cache add   type: 'range' }
116 silly addNamed generator-jasmine@>=0.2.2 <0.3.0
117 verbose addNamed ">=0.2.2 <0.3.0" is a valid semver range for generator-jasmine
118 silly addNameRange { name: 'generator-jasmine',
118 silly addNameRange   range: '>=0.2.2 <0.3.0',
118 silly addNameRange   hasData: false }
119 silly mapToRegistry name generator-jasmine
120 silly mapToRegistry using default registry
121 silly mapToRegistry registry https://registry.npmjs.org/
122 silly mapToRegistry uri https://registry.npmjs.org/generator-jasmine
123 verbose addNameRange registry:https://registry.npmjs.org/generator-jasmine not in flight; fetching
124 silly cache add args [ 'generator-mocha@^0.2.0', null ]
125 verbose cache add spec generator-mocha@^0.2.0
126 silly cache add parsed spec Result {
126 silly cache add   raw: 'generator-mocha@^0.2.0',
126 silly cache add   scope: null,
126 silly cache add   name: 'generator-mocha',
126 silly cache add   rawSpec: '^0.2.0',
126 silly cache add   spec: '>=0.2.0 <0.3.0',
126 silly cache add   type: 'range' }
127 silly addNamed generator-mocha@>=0.2.0 <0.3.0
128 verbose addNamed ">=0.2.0 <0.3.0" is a valid semver range for generator-mocha
129 silly addNameRange { name: 'generator-mocha',
129 silly addNameRange   range: '>=0.2.0 <0.3.0',
129 silly addNameRange   hasData: false }
130 silly mapToRegistry name generator-mocha
131 silly mapToRegistry using default registry
132 silly mapToRegistry registry https://registry.npmjs.org/
133 silly mapToRegistry uri https://registry.npmjs.org/generator-mocha
134 verbose addNameRange registry:https://registry.npmjs.org/generator-mocha not in flight; fetching
135 silly cache add args [ 'headerize@^0.1.1', null ]
136 verbose cache add spec headerize@^0.1.1
137 silly cache add parsed spec Result {
137 silly cache add   raw: 'headerize@^0.1.1',
137 silly cache add   scope: null,
137 silly cache add   name: 'headerize',
137 silly cache add   rawSpec: '^0.1.1',
137 silly cache add   spec: '>=0.1.1 <0.2.0',
137 silly cache add   type: 'range' }
138 silly addNamed headerize@>=0.1.1 <0.2.0
139 verbose addNamed ">=0.1.1 <0.2.0" is a valid semver range for headerize
140 silly addNameRange { name: 'headerize', range: '>=0.1.1 <0.2.0', hasData: false }
141 silly mapToRegistry name headerize
142 silly mapToRegistry using default registry
143 silly mapToRegistry registry https://registry.npmjs.org/
144 silly mapToRegistry uri https://registry.npmjs.org/headerize
145 verbose addNameRange registry:https://registry.npmjs.org/headerize not in flight; fetching
146 silly cache add args [ 'mkdirp@^0.5.1', null ]
147 verbose cache add spec mkdirp@^0.5.1
148 silly cache add parsed spec Result {
148 silly cache add   raw: 'mkdirp@^0.5.1',
148 silly cache add   scope: null,
148 silly cache add   name: 'mkdirp',
148 silly cache add   rawSpec: '^0.5.1',
148 silly cache add   spec: '>=0.5.1 <0.6.0',
148 silly cache add   type: 'range' }
149 silly addNamed mkdirp@>=0.5.1 <0.6.0
150 verbose addNamed ">=0.5.1 <0.6.0" is a valid semver range for mkdirp
151 silly addNameRange { name: 'mkdirp', range: '>=0.5.1 <0.6.0', hasData: false }
152 silly mapToRegistry name mkdirp
153 silly mapToRegistry using default registry
154 silly mapToRegistry registry https://registry.npmjs.org/
155 silly mapToRegistry uri https://registry.npmjs.org/mkdirp
156 verbose addNameRange registry:https://registry.npmjs.org/mkdirp not in flight; fetching
157 silly cache add args [ 'underscore.string@^3.2.1', null ]
158 verbose cache add spec underscore.string@^3.2.1
159 silly cache add parsed spec Result {
159 silly cache add   raw: 'underscore.string@^3.2.1',
159 silly cache add   scope: null,
159 silly cache add   name: 'underscore.string',
159 silly cache add   rawSpec: '^3.2.1',
159 silly cache add   spec: '>=3.2.1 <4.0.0',
159 silly cache add   type: 'range' }
160 silly addNamed underscore.string@>=3.2.1 <4.0.0
161 verbose addNamed ">=3.2.1 <4.0.0" is a valid semver range for underscore.string
162 silly addNameRange { name: 'underscore.string',
162 silly addNameRange   range: '>=3.2.1 <4.0.0',
162 silly addNameRange   hasData: false }
163 silly mapToRegistry name underscore.string
164 silly mapToRegistry using default registry
165 silly mapToRegistry registry https://registry.npmjs.org/
166 silly mapToRegistry uri https://registry.npmjs.org/underscore.string
167 verbose addNameRange registry:https://registry.npmjs.org/underscore.string not in flight; fetching
168 silly cache add args [ 'yeoman-generator@^0.22.1', null ]
169 verbose cache add spec yeoman-generator@^0.22.1
170 silly cache add parsed spec Result {
170 silly cache add   raw: 'yeoman-generator@^0.22.1',
170 silly cache add   scope: null,
170 silly cache add   name: 'yeoman-generator',
170 silly cache add   rawSpec: '^0.22.1',
170 silly cache add   spec: '>=0.22.1 <0.23.0',
170 silly cache add   type: 'range' }
171 silly addNamed yeoman-generator@>=0.22.1 <0.23.0
172 verbose addNamed ">=0.22.1 <0.23.0" is a valid semver range for yeoman-generator
173 silly addNameRange { name: 'yeoman-generator',
173 silly addNameRange   range: '>=0.22.1 <0.23.0',
173 silly addNameRange   hasData: false }
174 silly mapToRegistry name yeoman-generator
175 silly mapToRegistry using default registry
176 silly mapToRegistry registry https://registry.npmjs.org/
177 silly mapToRegistry uri https://registry.npmjs.org/yeoman-generator
178 verbose addNameRange registry:https://registry.npmjs.org/yeoman-generator not in flight; fetching
179 verbose request uri https://registry.npmjs.org/chrome-manifest
180 verbose request no auth needed
181 info attempt registry request try #1 at 5:14:16 AM
182 http request GET https://registry.npmjs.org/chrome-manifest
183 verbose request uri https://registry.npmjs.org/generator-jasmine
184 verbose request no auth needed
185 info attempt registry request try #1 at 5:14:16 AM
186 http request GET https://registry.npmjs.org/generator-jasmine
187 verbose request uri https://registry.npmjs.org/generator-mocha
188 verbose request no auth needed
189 info attempt registry request try #1 at 5:14:16 AM
190 http request GET https://registry.npmjs.org/generator-mocha
191 verbose request uri https://registry.npmjs.org/headerize
192 verbose request no auth needed
193 info attempt registry request try #1 at 5:14:16 AM
194 http request GET https://registry.npmjs.org/headerize
195 verbose request uri https://registry.npmjs.org/yeoman-generator
196 verbose request no auth needed
197 info attempt registry request try #1 at 5:14:16 AM
198 http request GET https://registry.npmjs.org/yeoman-generator
199 verbose request uri https://registry.npmjs.org/mkdirp
200 verbose request no auth needed
201 info attempt registry request try #1 at 5:14:16 AM
202 verbose etag "4NXJ6X572J6WCIUPR9RCJSNW6"
203 http request GET https://registry.npmjs.org/mkdirp
204 verbose request uri https://registry.npmjs.org/underscore.string
205 verbose request no auth needed
206 info attempt registry request try #1 at 5:14:16 AM
207 verbose etag "EUR2XPGZX64EHU0KFCNIFQUCI"
208 http request GET https://registry.npmjs.org/underscore.string
209 http 200 https://registry.npmjs.org/mkdirp
210 verbose headers { server: 'CouchDB/1.5.0 (Erlang OTP/R16B03)',
210 verbose headers   etag: '"CCM5TKBJWEGO4K3ODWJXQR5Q4"',
210 verbose headers   'content-type': 'application/json',
210 verbose headers   'cache-control': 'max-age=300',
210 verbose headers   'content-length': '23505',
210 verbose headers   'accept-ranges': 'bytes',
210 verbose headers   date: 'Sun, 17 Jan 2016 01:44:16 GMT',
210 verbose headers   via: '1.1 varnish',
210 verbose headers   age: '173',
210 verbose headers   connection: 'keep-alive',
210 verbose headers   'x-served-by': 'cache-ams4127-AMS',
210 verbose headers   'x-cache': 'HIT',
210 verbose headers   'x-cache-hits': '4',
210 verbose headers   'x-timer': 'S1452995056.176707,VS0,VE0',
210 verbose headers   vary: 'Accept' }
211 silly get cb [ 200,
211 silly get   { server: 'CouchDB/1.5.0 (Erlang OTP/R16B03)',
211 silly get     etag: '"CCM5TKBJWEGO4K3ODWJXQR5Q4"',
211 silly get     'content-type': 'application/json',
211 silly get     'cache-control': 'max-age=300',
211 silly get     'content-length': '23505',
211 silly get     'accept-ranges': 'bytes',
211 silly get     date: 'Sun, 17 Jan 2016 01:44:16 GMT',
211 silly get     via: '1.1 varnish',
211 silly get     age: '173',
211 silly get     connection: 'keep-alive',
211 silly get     'x-served-by': 'cache-ams4127-AMS',
211 silly get     'x-cache': 'HIT',
211 silly get     'x-cache-hits': '4',
211 silly get     'x-timer': 'S1452995056.176707,VS0,VE0',
211 silly get     vary: 'Accept' } ]
212 verbose get saving mkdirp to /Users/sohail/.npm/registry.npmjs.org/mkdirp/.cache.json
213 silly addNameRange number 2 { name: 'mkdirp', range: '>=0.5.1 <0.6.0', hasData: true }
214 silly addNameRange versions [ 'mkdirp',
214 silly addNameRange   [ '0.0.1',
214 silly addNameRange     '0.0.2',
214 silly addNameRange     '0.0.3',
214 silly addNameRange     '0.0.4',
214 silly addNameRange     '0.0.5',
214 silly addNameRange     '0.0.6',
214 silly addNameRange     '0.0.7',
214 silly addNameRange     '0.1.0',
214 silly addNameRange     '0.2.0',
214 silly addNameRange     '0.2.1',
214 silly addNameRange     '0.2.2',
214 silly addNameRange     '0.3.0',
214 silly addNameRange     '0.3.1',
214 silly addNameRange     '0.3.2',
214 silly addNameRange     '0.3.3',
214 silly addNameRange     '0.3.4',
214 silly addNameRange     '0.3.5',
214 silly addNameRange     '0.4.0',
214 silly addNameRange     '0.4.1',
214 silly addNameRange     '0.4.2',
214 silly addNameRange     '0.5.0',
214 silly addNameRange     '0.5.1' ] ]
215 silly addNamed mkdirp@0.5.1
216 verbose addNamed "0.5.1" is a plain semver version for mkdirp
217 silly cache afterAdd mkdirp@0.5.1
218 verbose afterAdd /Users/sohail/.npm/mkdirp/0.5.1/package/package.json not in flight; writing
219 verbose afterAdd /Users/sohail/.npm/mkdirp/0.5.1/package/package.json written
220 http 200 https://registry.npmjs.org/generator-mocha
221 verbose headers { server: 'CouchDB/1.5.0 (Erlang OTP/R16B03)',
221 verbose headers   etag: '"3A3WLC40ZSO5W8LIFIRPGCIS2"',
221 verbose headers   'content-type': 'application/json',
221 verbose headers   'cache-control': 'max-age=300',
221 verbose headers   'content-length': '14013',
221 verbose headers   'accept-ranges': 'bytes',
221 verbose headers   date: 'Sun, 17 Jan 2016 01:44:16 GMT',
221 verbose headers   via: '1.1 varnish',
221 verbose headers   age: '0',
221 verbose headers   connection: 'keep-alive',
221 verbose headers   'x-served-by': 'cache-ams4144-AMS',
221 verbose headers   'x-cache': 'MISS',
221 verbose headers   'x-cache-hits': '0',
221 verbose headers   'x-timer': 'S1452995056.163437,VS0,VE94',
221 verbose headers   vary: 'Accept' }
222 silly get cb [ 200,
222 silly get   { server: 'CouchDB/1.5.0 (Erlang OTP/R16B03)',
222 silly get     etag: '"3A3WLC40ZSO5W8LIFIRPGCIS2"',
222 silly get     'content-type': 'application/json',
222 silly get     'cache-control': 'max-age=300',
222 silly get     'content-length': '14013',
222 silly get     'accept-ranges': 'bytes',
222 silly get     date: 'Sun, 17 Jan 2016 01:44:16 GMT',
222 silly get     via: '1.1 varnish',
222 silly get     age: '0',
222 silly get     connection: 'keep-alive',
222 silly get     'x-served-by': 'cache-ams4144-AMS',
222 silly get     'x-cache': 'MISS',
222 silly get     'x-cache-hits': '0',
222 silly get     'x-timer': 'S1452995056.163437,VS0,VE94',
222 silly get     vary: 'Accept' } ]
223 verbose get saving generator-mocha to /Users/sohail/.npm/registry.npmjs.org/generator-mocha/.cache.json
224 silly addNameRange number 2 { name: 'generator-mocha',
224 silly addNameRange   range: '>=0.2.0 <0.3.0',
224 silly addNameRange   hasData: true }
225 silly addNameRange versions [ 'generator-mocha',
225 silly addNameRange   [ '0.1.0',
225 silly addNameRange     '0.1.1',
225 silly addNameRange     '0.1.2',
225 silly addNameRange     '0.1.3',
225 silly addNameRange     '0.1.4',
225 silly addNameRange     '0.1.5',
225 silly addNameRange     '0.1.6',
225 silly addNameRange     '0.1.7',
225 silly addNameRange     '0.1.8',
225 silly addNameRange     '0.2.0' ] ]
226 silly addNamed generator-mocha@0.2.0
227 verbose addNamed "0.2.0" is a plain semver version for generator-mocha
228 silly mapToRegistry name generator-mocha
229 silly mapToRegistry using default registry
230 silly mapToRegistry registry https://registry.npmjs.org/
231 silly mapToRegistry uri https://registry.npmjs.org/generator-mocha
232 verbose addRemoteTarball https://registry.npmjs.org/generator-mocha/-/generator-mocha-0.2.0.tgz not in flight; adding
233 verbose addRemoteTarball [ 'https://registry.npmjs.org/generator-mocha/-/generator-mocha-0.2.0.tgz',
233 verbose addRemoteTarball   '5cfb28a71849818f2de7947eea346ea6c7f8fc58' ]
234 info retry fetch attempt 1 at 5:14:16 AM
235 info attempt registry request try #1 at 5:14:16 AM
236 http fetch GET https://registry.npmjs.org/generator-mocha/-/generator-mocha-0.2.0.tgz
237 http 200 https://registry.npmjs.org/underscore.string
238 verbose headers { server: 'CouchDB/1.5.0 (Erlang OTP/R16B03)',
238 verbose headers   etag: '"AHYOZFLLLF1YD8XN28WJ9D3A0"',
238 verbose headers   'content-type': 'application/json',
238 verbose headers   'cache-control': 'max-age=300',
238 verbose headers   'content-length': '71932',
238 verbose headers   'accept-ranges': 'bytes',
238 verbose headers   date: 'Sun, 17 Jan 2016 01:44:16 GMT',
238 verbose headers   via: '1.1 varnish',
238 verbose headers   age: '103',
238 verbose headers   connection: 'keep-alive',
238 verbose headers   'x-served-by': 'cache-ams4122-AMS',
238 verbose headers   'x-cache': 'HIT',
238 verbose headers   'x-cache-hits': '1',
238 verbose headers   'x-timer': 'S1452995056.160108,VS0,VE0',
238 verbose headers   vary: 'Accept' }
239 silly get cb [ 200,
239 silly get   { server: 'CouchDB/1.5.0 (Erlang OTP/R16B03)',
239 silly get     etag: '"AHYOZFLLLF1YD8XN28WJ9D3A0"',
239 silly get     'content-type': 'application/json',
239 silly get     'cache-control': 'max-age=300',
239 silly get     'content-length': '71932',
239 silly get     'accept-ranges': 'bytes',
239 silly get     date: 'Sun, 17 Jan 2016 01:44:16 GMT',
239 silly get     via: '1.1 varnish',
239 silly get     age: '103',
239 silly get     connection: 'keep-alive',
239 silly get     'x-served-by': 'cache-ams4122-AMS',
239 silly get     'x-cache': 'HIT',
239 silly get     'x-cache-hits': '1',
239 silly get     'x-timer': 'S1452995056.160108,VS0,VE0',
239 silly get     vary: 'Accept' } ]
240 verbose get saving underscore.string to /Users/sohail/.npm/registry.npmjs.org/underscore.string/.cache.json
241 silly addNameRange number 2 { name: 'underscore.string',
241 silly addNameRange   range: '>=3.2.1 <4.0.0',
241 silly addNameRange   hasData: true }
242 silly addNameRange versions [ 'underscore.string',
242 silly addNameRange   [ '0.9.2',
242 silly addNameRange     '1.0.0',
242 silly addNameRange     '1.1.3',
242 silly addNameRange     '1.1.4',
242 silly addNameRange     '1.1.5',
242 silly addNameRange     '1.1.6',
242 silly addNameRange     '2.0.0',
242 silly addNameRange     '2.1.0',
242 silly addNameRange     '2.1.1',
242 silly addNameRange     '2.3.0',
242 silly addNameRange     '2.3.1',
242 silly addNameRange     '2.3.2',
242 silly addNameRange     '2.2.1',
242 silly addNameRange     '2.2.0-rc',
242 silly addNameRange     '2.3.3',
242 silly addNameRange     '2.4.0',
242 silly addNameRange     '3.0.0',
242 silly addNameRange     '3.0.1',
242 silly addNameRange     '3.0.2',
242 silly addNameRange     '3.0.3',
242 silly addNameRange     '3.1.0',
242 silly addNameRange     '3.1.1',
242 silly addNameRange     '3.2.0',
242 silly addNameRange     '3.2.1',
242 silly addNameRange     '3.2.2',
242 silly addNameRange     '3.2.3' ] ]
243 silly addNamed underscore.string@3.2.3
244 verbose addNamed "3.2.3" is a plain semver version for underscore.string
245 silly mapToRegistry name underscore.string
246 silly mapToRegistry using default registry
247 silly mapToRegistry registry https://registry.npmjs.org/
248 silly mapToRegistry uri https://registry.npmjs.org/underscore.string
249 verbose addRemoteTarball https://registry.npmjs.org/underscore.string/-/underscore.string-3.2.3.tgz not in flight; adding
250 verbose addRemoteTarball [ 'https://registry.npmjs.org/underscore.string/-/underscore.string-3.2.3.tgz',
250 verbose addRemoteTarball   '806992633665d5e5fcb4db1fb3a862eb68e9e6da' ]
251 info retry fetch attempt 1 at 5:14:16 AM
252 info attempt registry request try #1 at 5:14:16 AM
253 http fetch GET https://registry.npmjs.org/underscore.string/-/underscore.string-3.2.3.tgz
254 http fetch 200 https://registry.npmjs.org/generator-mocha/-/generator-mocha-0.2.0.tgz
255 silly fetchAndShaCheck shasum 5cfb28a71849818f2de7947eea346ea6c7f8fc58
256 verbose addTmpTarball /var/folders/80/srmsc7ys0wv4gzcvv3b1l8r40000gn/T/npm-4862-e741cad4/registry.npmjs.org/generator-mocha/-/generator-mocha-0.2.0.tgz not in flight; adding
257 verbose addTmpTarball already have metadata; skipping unpack for generator-mocha@0.2.0
258 silly cache afterAdd generator-mocha@0.2.0
259 verbose afterAdd /Users/sohail/.npm/generator-mocha/0.2.0/package/package.json not in flight; writing
260 verbose afterAdd /Users/sohail/.npm/generator-mocha/0.2.0/package/package.json written
261 http 200 https://registry.npmjs.org/chrome-manifest
262 verbose headers { server: 'CouchDB/1.5.0 (Erlang OTP/R16B03)',
262 verbose headers   etag: '"DH6O2SYE3IHJ4ZUU06P55521W"',
262 verbose headers   'content-type': 'application/json',
262 verbose headers   'cache-control': 'max-age=300',
262 verbose headers   'content-length': '31647',
262 verbose headers   'accept-ranges': 'bytes',
262 verbose headers   date: 'Sun, 17 Jan 2016 01:44:16 GMT',
262 verbose headers   via: '1.1 varnish',
262 verbose headers   age: '0',
262 verbose headers   connection: 'keep-alive',
262 verbose headers   'x-served-by': 'cache-ams4126-AMS',
262 verbose headers   'x-cache': 'MISS',
262 verbose headers   'x-cache-hits': '0',
262 verbose headers   'x-timer': 'S1452995056.162103,VS0,VE504',
262 verbose headers   vary: 'Accept' }
263 silly get cb [ 200,
263 silly get   { server: 'CouchDB/1.5.0 (Erlang OTP/R16B03)',
263 silly get     etag: '"DH6O2SYE3IHJ4ZUU06P55521W"',
263 silly get     'content-type': 'application/json',
263 silly get     'cache-control': 'max-age=300',
263 silly get     'content-length': '31647',
263 silly get     'accept-ranges': 'bytes',
263 silly get     date: 'Sun, 17 Jan 2016 01:44:16 GMT',
263 silly get     via: '1.1 varnish',
263 silly get     age: '0',
263 silly get     connection: 'keep-alive',
263 silly get     'x-served-by': 'cache-ams4126-AMS',
263 silly get     'x-cache': 'MISS',
263 silly get     'x-cache-hits': '0',
263 silly get     'x-timer': 'S1452995056.162103,VS0,VE504',
263 silly get     vary: 'Accept' } ]
264 verbose get saving chrome-manifest to /Users/sohail/.npm/registry.npmjs.org/chrome-manifest/.cache.json
265 silly addNameRange number 2 { name: 'chrome-manifest',
265 silly addNameRange   range: '>=0.2.7 <0.3.0',
265 silly addNameRange   hasData: true }
266 silly addNameRange versions [ 'chrome-manifest',
266 silly addNameRange   [ '0.0.1',
266 silly addNameRange     '0.0.2',
266 silly addNameRange     '0.0.3',
266 silly addNameRange     '0.0.6',
266 silly addNameRange     '0.0.7',
266 silly addNameRange     '0.0.8',
266 silly addNameRange     '0.0.9',
266 silly addNameRange     '0.1.0',
266 silly addNameRange     '0.1.1',
266 silly addNameRange     '0.1.2',
266 silly addNameRange     '0.1.3',
266 silly addNameRange     '0.1.4',
266 silly addNameRange     '0.1.5',
266 silly addNameRange     '0.2.0',
266 silly addNameRange     '0.2.1',
266 silly addNameRange     '0.2.2',
266 silly addNameRange     '0.2.3',
266 silly addNameRange     '0.2.4',
266 silly addNameRange     '0.2.5',
266 silly addNameRange     '0.2.6',
266 silly addNameRange     '0.2.7',
266 silly addNameRange     '0.2.8' ] ]
267 silly addNamed chrome-manifest@0.2.8
268 verbose addNamed "0.2.8" is a plain semver version for chrome-manifest
269 silly mapToRegistry name chrome-manifest
270 silly mapToRegistry using default registry
271 silly mapToRegistry registry https://registry.npmjs.org/
272 silly mapToRegistry uri https://registry.npmjs.org/chrome-manifest
273 verbose addRemoteTarball https://registry.npmjs.org/chrome-manifest/-/chrome-manifest-0.2.8.tgz not in flight; adding
274 verbose addRemoteTarball [ 'https://registry.npmjs.org/chrome-manifest/-/chrome-manifest-0.2.8.tgz',
274 verbose addRemoteTarball   '01103d93e2813cca757ad9a3d69b2d6330e9f004' ]
275 info retry fetch attempt 1 at 5:14:17 AM
276 info attempt registry request try #1 at 5:14:17 AM
277 http fetch GET https://registry.npmjs.org/chrome-manifest/-/chrome-manifest-0.2.8.tgz
278 http 200 https://registry.npmjs.org/generator-jasmine
279 verbose headers { server: 'CouchDB/1.5.0 (Erlang OTP/R16B03)',
279 verbose headers   etag: '"DKIESV1V9SFIXM8DIMYIEPYQA"',
279 verbose headers   'content-type': 'application/json',
279 verbose headers   'cache-control': 'max-age=300',
279 verbose headers   'content-length': '11007',
279 verbose headers   'accept-ranges': 'bytes',
279 verbose headers   date: 'Sun, 17 Jan 2016 01:44:16 GMT',
279 verbose headers   via: '1.1 varnish',
279 verbose headers   age: '0',
279 verbose headers   connection: 'keep-alive',
279 verbose headers   'x-served-by': 'cache-ams4124-AMS',
279 verbose headers   'x-cache': 'MISS',
279 verbose headers   'x-cache-hits': '0',
279 verbose headers   'x-timer': 'S1452995056.153432,VS0,VE666',
279 verbose headers   vary: 'Accept' }
280 silly get cb [ 200,
280 silly get   { server: 'CouchDB/1.5.0 (Erlang OTP/R16B03)',
280 silly get     etag: '"DKIESV1V9SFIXM8DIMYIEPYQA"',
280 silly get     'content-type': 'application/json',
280 silly get     'cache-control': 'max-age=300',
280 silly get     'content-length': '11007',
280 silly get     'accept-ranges': 'bytes',
280 silly get     date: 'Sun, 17 Jan 2016 01:44:16 GMT',
280 silly get     via: '1.1 varnish',
280 silly get     age: '0',
280 silly get     connection: 'keep-alive',
280 silly get     'x-served-by': 'cache-ams4124-AMS',
280 silly get     'x-cache': 'MISS',
280 silly get     'x-cache-hits': '0',
280 silly get     'x-timer': 'S1452995056.153432,VS0,VE666',
280 silly get     vary: 'Accept' } ]
281 verbose get saving generator-jasmine to /Users/sohail/.npm/registry.npmjs.org/generator-jasmine/.cache.json
282 silly addNameRange number 2 { name: 'generator-jasmine',
282 silly addNameRange   range: '>=0.2.2 <0.3.0',
282 silly addNameRange   hasData: true }
283 silly addNameRange versions [ 'generator-jasmine',
283 silly addNameRange   [ '0.1.0', '0.1.1', '0.1.2', '0.1.3', '0.2.0', '0.2.1', '0.2.2' ] ]
284 silly addNamed generator-jasmine@0.2.2
285 verbose addNamed "0.2.2" is a plain semver version for generator-jasmine
286 silly mapToRegistry name generator-jasmine
287 silly mapToRegistry using default registry
288 silly mapToRegistry registry https://registry.npmjs.org/
289 silly mapToRegistry uri https://registry.npmjs.org/generator-jasmine
290 verbose addRemoteTarball https://registry.npmjs.org/generator-jasmine/-/generator-jasmine-0.2.2.tgz not in flight; adding
291 verbose addRemoteTarball [ 'https://registry.npmjs.org/generator-jasmine/-/generator-jasmine-0.2.2.tgz',
291 verbose addRemoteTarball   '76bc2735da8c4dd9285c69ca1816f0db041ef348' ]
292 info retry fetch attempt 1 at 5:14:17 AM
293 info attempt registry request try #1 at 5:14:17 AM
294 http fetch GET https://registry.npmjs.org/generator-jasmine/-/generator-jasmine-0.2.2.tgz
295 http 200 https://registry.npmjs.org/headerize
296 verbose headers { server: 'CouchDB/1.5.0 (Erlang OTP/R16B03)',
296 verbose headers   etag: '"62CRDBRU547Y5OL8UO5QDFHC"',
296 verbose headers   'content-type': 'application/json',
296 verbose headers   'cache-control': 'max-age=300',
296 verbose headers   'content-length': '4203',
296 verbose headers   'accept-ranges': 'bytes',
296 verbose headers   date: 'Sun, 17 Jan 2016 01:44:16 GMT',
296 verbose headers   via: '1.1 varnish',
296 verbose headers   age: '0',
296 verbose headers   connection: 'keep-alive',
296 verbose headers   'x-served-by': 'cache-ams4147-AMS',
296 verbose headers   'x-cache': 'MISS',
296 verbose headers   'x-cache-hits': '0',
296 verbose headers   'x-timer': 'S1452995056.172147,VS0,VE688',
296 verbose headers   vary: 'Accept' }
297 silly get cb [ 200,
297 silly get   { server: 'CouchDB/1.5.0 (Erlang OTP/R16B03)',
297 silly get     etag: '"62CRDBRU547Y5OL8UO5QDFHC"',
297 silly get     'content-type': 'application/json',
297 silly get     'cache-control': 'max-age=300',
297 silly get     'content-length': '4203',
297 silly get     'accept-ranges': 'bytes',
297 silly get     date: 'Sun, 17 Jan 2016 01:44:16 GMT',
297 silly get     via: '1.1 varnish',
297 silly get     age: '0',
297 silly get     connection: 'keep-alive',
297 silly get     'x-served-by': 'cache-ams4147-AMS',
297 silly get     'x-cache': 'MISS',
297 silly get     'x-cache-hits': '0',
297 silly get     'x-timer': 'S1452995056.172147,VS0,VE688',
297 silly get     vary: 'Accept' } ]
298 verbose get saving headerize to /Users/sohail/.npm/registry.npmjs.org/headerize/.cache.json
299 silly addNameRange number 2 { name: 'headerize', range: '>=0.1.1 <0.2.0', hasData: true }
300 silly addNameRange versions [ 'headerize', [ '0.1.0', '0.1.1' ] ]
301 silly addNamed headerize@0.1.1
302 verbose addNamed "0.1.1" is a plain semver version for headerize
303 silly mapToRegistry name headerize
304 silly mapToRegistry using default registry
305 silly mapToRegistry registry https://registry.npmjs.org/
306 silly mapToRegistry uri https://registry.npmjs.org/headerize
307 verbose addRemoteTarball https://registry.npmjs.org/headerize/-/headerize-0.1.1.tgz not in flight; adding
308 verbose addRemoteTarball [ 'https://registry.npmjs.org/headerize/-/headerize-0.1.1.tgz',
308 verbose addRemoteTarball   'c6a0d9d6d098a6dea1766c5c6e192c3f2b3a0f4d' ]
309 info retry fetch attempt 1 at 5:14:17 AM
310 info attempt registry request try #1 at 5:14:17 AM
311 http fetch GET https://registry.npmjs.org/headerize/-/headerize-0.1.1.tgz
312 http fetch 200 https://registry.npmjs.org/underscore.string/-/underscore.string-3.2.3.tgz
313 silly fetchAndShaCheck shasum 806992633665d5e5fcb4db1fb3a862eb68e9e6da
314 verbose addTmpTarball /var/folders/80/srmsc7ys0wv4gzcvv3b1l8r40000gn/T/npm-4862-e741cad4/registry.npmjs.org/underscore.string/-/underscore.string-3.2.3.tgz not in flight; adding
315 verbose addTmpTarball already have metadata; skipping unpack for underscore.string@3.2.3
316 http 200 https://registry.npmjs.org/yeoman-generator
317 verbose headers { server: 'CouchDB/1.5.0 (Erlang OTP/R16B03)',
317 verbose headers   etag: '"7ZZI60KZOK0Y9JHNTJUTMAG1B"',
317 verbose headers   'content-type': 'application/json',
317 verbose headers   'cache-control': 'max-age=300',
317 verbose headers   'content-length': '149128',
317 verbose headers   'accept-ranges': 'bytes',
317 verbose headers   date: 'Sun, 17 Jan 2016 01:44:16 GMT',
317 verbose headers   via: '1.1 varnish',
317 verbose headers   age: '0',
317 verbose headers   connection: 'keep-alive',
317 verbose headers   'x-served-by': 'cache-ams4131-AMS',
317 verbose headers   'x-cache': 'HIT',
317 verbose headers   'x-cache-hits': '1',
317 verbose headers   'x-timer': 'S1452995056.171560,VS0,VE92',
317 verbose headers   vary: 'Accept' }
318 silly get cb [ 200,
318 silly get   { server: 'CouchDB/1.5.0 (Erlang OTP/R16B03)',
318 silly get     etag: '"7ZZI60KZOK0Y9JHNTJUTMAG1B"',
318 silly get     'content-type': 'application/json',
318 silly get     'cache-control': 'max-age=300',
318 silly get     'content-length': '149128',
318 silly get     'accept-ranges': 'bytes',
318 silly get     date: 'Sun, 17 Jan 2016 01:44:16 GMT',
318 silly get     via: '1.1 varnish',
318 silly get     age: '0',
318 silly get     connection: 'keep-alive',
318 silly get     'x-served-by': 'cache-ams4131-AMS',
318 silly get     'x-cache': 'HIT',
318 silly get     'x-cache-hits': '1',
318 silly get     'x-timer': 'S1452995056.171560,VS0,VE92',
318 silly get     vary: 'Accept' } ]
319 verbose get saving yeoman-generator to /Users/sohail/.npm/registry.npmjs.org/yeoman-generator/.cache.json
320 silly addNameRange number 2 { name: 'yeoman-generator',
320 silly addNameRange   range: '>=0.22.1 <0.23.0',
320 silly addNameRange   hasData: true }
321 silly addNameRange versions [ 'yeoman-generator',
321 silly addNameRange   [ '0.10.0',
321 silly addNameRange     '0.10.1',
321 silly addNameRange     '0.10.2',
321 silly addNameRange     '0.10.3',
321 silly addNameRange     '0.10.4',
321 silly addNameRange     '0.10.5',
321 silly addNameRange     '0.11.0',
321 silly addNameRange     '0.11.1',
321 silly addNameRange     '0.11.2',
321 silly addNameRange     '0.11.3',
321 silly addNameRange     '0.11.4',
321 silly addNameRange     '0.12.0',
321 silly addNameRange     '0.12.1',
321 silly addNameRange     '0.12.2',
321 silly addNameRange     '0.12.3',
321 silly addNameRange     '0.13.0',
321 silly addNameRange     '0.13.1',
321 silly addNameRange     '0.13.2',
321 silly addNameRange     '0.13.3',
321 silly addNameRange     '0.13.4',
321 silly addNameRange     '0.14.0-rc.1',
321 silly addNameRange     '0.14.0-rc.2',
321 silly addNameRange     '0.14.0',
321 silly addNameRange     '0.14.1',
321 silly addNameRange     '0.14.2',
321 silly addNameRange     '0.15.0-pre.1',
321 silly addNameRange     '0.15.0-pre.2',
321 silly addNameRange     '0.15.0-pre.3',
321 silly addNameRange     '0.15.0',
321 silly addNameRange     '0.16.0',
321 silly addNameRange     '0.17.0-pre.1',
321 silly addNameRange     '0.17.0-pre.2',
321 silly addNameRange     '0.17.0-pre.3',
321 silly addNameRange     '0.17.0-pre.4',
321 silly addNameRange     '0.17.0',
321 silly addNameRange     '0.17.1',
321 silly addNameRange     '0.17.2',
321 silly addNameRange     '0.17.3',
321 silly addNameRange     '0.17.4',
321 silly addNameRange     '0.17.5',
321 silly addNameRange     '0.17.6',
321 silly addNameRange     '0.17.7',
321 silly addNameRange     '0.18.0-pre.1',
321 silly addNameRange     '0.18.0-pre.2',
321 silly addNameRange     '0.18.0-pre.3',
321 silly addNameRange     '0.18.0',
321 silly addNameRange     '0.18.1',
321 silly addNameRange     '0.18.2',
321 silly addNameRange     '0.18.3',
321 silly addNameRange     '0.18.4',
321 silly addNameRange     '0.18.5',
321 silly addNameRange     '0.18.6',
321 silly addNameRange     '0.18.7',
321 silly addNameRange     '0.18.8',
321 silly addNameRange     '0.18.9',
321 silly addNameRange     '0.18.10',
321 silly addNameRange     '0.19.0',
321 silly addNameRange     '0.19.1',
321 silly addNameRange     '0.19.2',
321 silly addNameRange     '0.20.0',
321 silly addNameRange     '0.20.1',
321 silly addNameRange     '0.20.2',
321 silly addNameRange     '0.20.3',
321 silly addNameRange     '0.21.0',
321 silly addNameRange     '0.21.1',
321 silly addNameRange     '0.22.0',
321 silly addNameRange     '0.22.1',
321 silly addNameRange     '0.22.2',
321 silly addNameRange     '0.22.3' ] ]
322 silly addNamed yeoman-generator@0.22.3
323 verbose addNamed "0.22.3" is a plain semver version for yeoman-generator
324 silly mapToRegistry name yeoman-generator
325 silly mapToRegistry using default registry
326 silly mapToRegistry registry https://registry.npmjs.org/
327 silly mapToRegistry uri https://registry.npmjs.org/yeoman-generator
328 verbose addRemoteTarball https://registry.npmjs.org/yeoman-generator/-/yeoman-generator-0.22.3.tgz not in flight; adding
329 verbose addRemoteTarball [ 'https://registry.npmjs.org/yeoman-generator/-/yeoman-generator-0.22.3.tgz',
329 verbose addRemoteTarball   '4b24660bffc345b5d2eaa162325d73300ea6e063' ]
330 info retry fetch attempt 1 at 5:14:17 AM
331 info attempt registry request try #1 at 5:14:17 AM
332 http fetch GET https://registry.npmjs.org/yeoman-generator/-/yeoman-generator-0.22.3.tgz
333 http fetch 200 https://registry.npmjs.org/chrome-manifest/-/chrome-manifest-0.2.8.tgz
334 silly fetchAndShaCheck shasum 01103d93e2813cca757ad9a3d69b2d6330e9f004
335 verbose addTmpTarball /var/folders/80/srmsc7ys0wv4gzcvv3b1l8r40000gn/T/npm-4862-e741cad4/registry.npmjs.org/chrome-manifest/-/chrome-manifest-0.2.8.tgz not in flight; adding
336 verbose addTmpTarball already have metadata; skipping unpack for chrome-manifest@0.2.8
337 silly cache afterAdd chrome-manifest@0.2.8
338 verbose afterAdd /Users/sohail/.npm/chrome-manifest/0.2.8/package/package.json not in flight; writing
339 verbose afterAdd /Users/sohail/.npm/chrome-manifest/0.2.8/package/package.json written
340 http fetch 200 https://registry.npmjs.org/headerize/-/headerize-0.1.1.tgz
341 silly fetchAndShaCheck shasum c6a0d9d6d098a6dea1766c5c6e192c3f2b3a0f4d
342 verbose addTmpTarball /var/folders/80/srmsc7ys0wv4gzcvv3b1l8r40000gn/T/npm-4862-e741cad4/registry.npmjs.org/headerize/-/headerize-0.1.1.tgz not in flight; adding
343 verbose addTmpTarball already have metadata; skipping unpack for headerize@0.1.1
344 silly cache afterAdd headerize@0.1.1
345 verbose afterAdd /Users/sohail/.npm/headerize/0.1.1/package/package.json not in flight; writing
346 verbose afterAdd /Users/sohail/.npm/headerize/0.1.1/package/package.json written
347 http fetch 200 https://registry.npmjs.org/yeoman-generator/-/yeoman-generator-0.22.3.tgz
348 silly fetchAndShaCheck shasum 4b24660bffc345b5d2eaa162325d73300ea6e063
349 verbose addTmpTarball /var/folders/80/srmsc7ys0wv4gzcvv3b1l8r40000gn/T/npm-4862-e741cad4/registry.npmjs.org/yeoman-generator/-/yeoman-generator-0.22.3.tgz not in flight; adding
350 verbose addTmpTarball already have metadata; skipping unpack for yeoman-generator@0.22.3
351 silly cache afterAdd yeoman-generator@0.22.3
352 verbose afterAdd /Users/sohail/.npm/yeoman-generator/0.22.3/package/package.json not in flight; writing
353 verbose afterAdd /Users/sohail/.npm/yeoman-generator/0.22.3/package/package.json written
354 http fetch 200 https://registry.npmjs.org/generator-jasmine/-/generator-jasmine-0.2.2.tgz
355 silly fetchAndShaCheck shasum 76bc2735da8c4dd9285c69ca1816f0db041ef348
356 verbose addTmpTarball /var/folders/80/srmsc7ys0wv4gzcvv3b1l8r40000gn/T/npm-4862-e741cad4/registry.npmjs.org/generator-jasmine/-/generator-jasmine-0.2.2.tgz not in flight; adding
357 verbose addTmpTarball already have metadata; skipping unpack for generator-jasmine@0.2.2
358 silly cache afterAdd generator-jasmine@0.2.2
359 verbose afterAdd /Users/sohail/.npm/generator-jasmine/0.2.2/package/package.json not in flight; writing
360 verbose afterAdd /Users/sohail/.npm/generator-jasmine/0.2.2/package/package.json written
361 verbose about to build /usr/local/lib/node_modules/generator-chrome-extension
362 verbose unlock done using /Users/sohail/.npm/_locks/generator-chrome-extensi-c182e046b1ca5ed1.lock for /usr/local/lib/node_modules/generator-chrome-extension
363 verbose stack Error: EACCES: permission denied, mkdir '/Users/sohail/.npm/underscore.string/3.2.3'
363 verbose stack     at Error (native)
364 verbose cwd /Users/sohail/dev/asana-extensions/chrome/asana.com-RTL-Chrome-extension-master
365 error Darwin 15.2.0
366 error argv "/usr/local/bin/node" "/usr/local/bin/npm" "install" "-g" "generator-chrome-extension"
367 error node v4.2.3
368 error npm  v2.14.7
369 error path /Users/sohail/.npm/underscore.string/3.2.3
370 error code EACCES
371 error errno -13
372 error syscall mkdir
373 error Error: EACCES: permission denied, mkdir '/Users/sohail/.npm/underscore.string/3.2.3'
373 error     at Error (native)
373 error  { [Error: EACCES: permission denied, mkdir '/Users/sohail/.npm/underscore.string/3.2.3']
373 error   errno: -13,
373 error   code: 'EACCES',
373 error   syscall: 'mkdir',
373 error   path: '/Users/sohail/.npm/underscore.string/3.2.3',
373 error   parent: 'generator-chrome-extension' }
374 error Please try running this command again as root/Administrator.
375 verbose exit [ -13, true ]
376 verbose unbuild lib/node_modules/generator-chrome-extension
377 info preuninstall generator-chrome-extension@0.5.1
378 info uninstall generator-chrome-extension@0.5.1
379 verbose unbuild rmStuff generator-chrome-extension@0.5.1 from /usr/local/lib/node_modules
380 info postuninstall generator-chrome-extension@0.5.1
381 silly gentlyRm /usr/local/lib/node_modules/generator-chrome-extension is being purged from base /usr/local
382 verbose gentlyRm don't care about contents; nuking /usr/local/lib/node_modules/generator-chrome-extension
383 silly vacuum-fs purging /usr/local/lib/node_modules/generator-chrome-extension
384 silly vacuum-fs quitting because other entries in /usr/local/lib/node_modules
